<?xml version="1.0" encoding="UTF-8"?>
<coverage generated="1666928388069" clover="3.2.0">
  <project timestamp="1666928388070" name="All files">
    <metrics statements="139" coveredstatements="112" conditionals="60" coveredconditionals="49" methods="73" coveredmethods="56" elements="272" coveredelements="217" complexity="0" loc="139" ncloc="139" packages="3" files="12" classes="12"/>
    <package name="src">
      <metrics statements="3" coveredstatements="2" conditionals="4" coveredconditionals="2" methods="2" coveredmethods="1"/>
      <file name="App.tsx" path="/Users/matthewwhalen/quizzer_start/src/App.tsx">
        <metrics statements="3" coveredstatements="2" conditionals="4" coveredconditionals="2" methods="2" coveredmethods="1"/>
        <line num="8" count="1" type="stmt"/>
        <line num="10" count="1" type="stmt"/>
        <line num="16" count="0" type="stmt"/>
      </file>
    </package>
    <package name="src.interfaces">
      <metrics statements="0" coveredstatements="0" conditionals="0" coveredconditionals="0" methods="0" coveredmethods="0"/>
      <file name="question.ts" path="/Users/matthewwhalen/quizzer_start/src/interfaces/question.ts">
        <metrics statements="0" coveredstatements="0" conditionals="0" coveredconditionals="0" methods="0" coveredmethods="0"/>
      </file>
      <file name="quiz.ts" path="/Users/matthewwhalen/quizzer_start/src/interfaces/quiz.ts">
        <metrics statements="0" coveredstatements="0" conditionals="0" coveredconditionals="0" methods="0" coveredmethods="0"/>
      </file>
    </package>
    <package name="src.quizzer">
      <metrics statements="136" coveredstatements="110" conditionals="56" coveredconditionals="47" methods="71" coveredmethods="55"/>
      <file name="AddQuizModal.tsx" path="/Users/matthewwhalen/quizzer_start/src/quizzer/AddQuizModal.tsx">
        <metrics statements="14" coveredstatements="9" conditionals="0" coveredconditionals="0" methods="5" coveredmethods="2"/>
        <line num="4" count="2" type="stmt"/>
        <line num="13" count="26" type="stmt"/>
        <line num="14" count="26" type="stmt"/>
        <line num="16" count="26" type="stmt"/>
        <line num="17" count="1" type="stmt"/>
        <line num="18" count="1" type="stmt"/>
        <line num="19" count="1" type="stmt"/>
        <line num="20" count="1" type="stmt"/>
        <line num="23" count="26" type="stmt"/>
        <line num="36" count="0" type="stmt"/>
        <line num="45" count="0" type="stmt"/>
        <line num="53" count="0" type="stmt"/>
        <line num="54" count="0" type="stmt"/>
        <line num="55" count="0" type="stmt"/>
      </file>
      <file name="QuestionEdit.tsx" path="/Users/matthewwhalen/quizzer_start/src/quizzer/QuestionEdit.tsx">
        <metrics statements="31" coveredstatements="13" conditionals="14" coveredconditionals="9" methods="16" coveredmethods="6"/>
        <line num="6" count="2" type="stmt"/>
        <line num="21" count="54" type="stmt"/>
        <line num="22" count="52" type="stmt"/>
        <line num="25" count="54" type="stmt"/>
        <line num="26" count="0" type="stmt"/>
        <line num="28" count="0" type="cond" truecount="0" falsecount="2"/>
        <line num="29" count="0" type="stmt"/>
        <line num="37" count="54" type="stmt"/>
        <line num="38" count="0" type="stmt"/>
        <line num="39" count="0" type="stmt"/>
        <line num="47" count="54" type="stmt"/>
        <line num="48" count="0" type="stmt"/>
        <line num="49" count="0" type="stmt"/>
        <line num="52" count="54" type="stmt"/>
        <line num="56" count="0" type="stmt"/>
        <line num="57" count="0" type="stmt"/>
        <line num="58" count="0" type="stmt"/>
        <line num="65" count="54" type="stmt"/>
        <line num="66" count="0" type="stmt"/>
        <line num="67" count="0" type="stmt"/>
        <line num="68" count="0" type="stmt"/>
        <line num="74" count="54" type="stmt"/>
        <line num="91" count="0" type="stmt"/>
        <line num="124" count="1" type="stmt"/>
        <line num="171" count="0" type="stmt"/>
        <line num="184" count="78" type="stmt"/>
        <line num="205" count="0" type="stmt"/>
        <line num="223" count="2" type="stmt"/>
        <line num="232" count="0" type="stmt"/>
        <line num="248" count="1" type="stmt"/>
        <line num="257" count="0" type="stmt"/>
      </file>
      <file name="QuizCard.tsx" path="/Users/matthewwhalen/quizzer_start/src/quizzer/QuizCard.tsx">
        <metrics statements="5" coveredstatements="5" conditionals="5" coveredconditionals="4" methods="3" coveredmethods="3"/>
        <line num="7" count="2" type="stmt"/>
        <line num="14" count="90" type="stmt"/>
        <line num="16" count="356" type="cond" truecount="3" falsecount="0"/>
        <line num="19" count="90" type="stmt"/>
        <line num="25" count="10" type="stmt"/>
      </file>
      <file name="QuizEdit.tsx" path="/Users/matthewwhalen/quizzer_start/src/quizzer/QuizEdit.tsx">
        <metrics statements="24" coveredstatements="21" conditionals="6" coveredconditionals="6" methods="14" coveredmethods="11"/>
        <line num="9" count="2" type="stmt"/>
        <line num="22" count="13" type="stmt"/>
        <line num="24" count="13" type="stmt"/>
        <line num="25" count="2" type="stmt"/>
        <line num="27" count="8" type="cond" truecount="2" falsecount="0"/>
        <line num="32" count="13" type="stmt"/>
        <line num="33" count="0" type="stmt"/>
        <line num="35" count="0" type="stmt"/>
        <line num="40" count="13" type="stmt"/>
        <line num="41" count="5" type="stmt"/>
        <line num="44" count="13" type="stmt"/>
        <line num="45" count="2" type="stmt"/>
        <line num="49" count="8" type="cond" truecount="2" falsecount="0"/>
        <line num="50" count="6" type="cond" truecount="2" falsecount="0"/>
        <line num="51" count="4" type="stmt"/>
        <line num="57" count="13" type="stmt"/>
        <line num="86" count="2" type="stmt"/>
        <line num="99" count="0" type="stmt"/>
        <line num="107" count="54" type="stmt"/>
        <line num="123" count="1" type="stmt"/>
        <line num="149" count="5" type="stmt"/>
        <line num="150" count="5" type="stmt"/>
        <line num="162" count="1" type="stmt"/>
        <line num="163" count="1" type="stmt"/>
      </file>
      <file name="QuizExpanded.tsx" path="/Users/matthewwhalen/quizzer_start/src/quizzer/QuizExpanded.tsx">
        <metrics statements="24" coveredstatements="24" conditionals="7" coveredconditionals="6" methods="12" coveredmethods="12"/>
        <line num="9" count="2" type="stmt"/>
        <line num="20" count="20" type="stmt"/>
        <line num="22" count="81" type="cond" truecount="3" falsecount="0"/>
        <line num="25" count="20" type="stmt"/>
        <line num="26" count="20" type="stmt"/>
        <line num="30" count="20" type="stmt"/>
        <line num="31" count="2" type="stmt"/>
        <line num="32" count="2" type="stmt"/>
        <line num="33" count="2" type="stmt"/>
        <line num="36" count="20" type="stmt"/>
        <line num="37" count="46" type="stmt"/>
        <line num="41" count="20" type="stmt"/>
        <line num="42" count="2" type="stmt"/>
        <line num="45" count="20" type="stmt"/>
        <line num="46" count="1" type="stmt"/>
        <line num="47" count="1" type="stmt"/>
        <line num="50" count="4" type="stmt"/>
        <line num="54" count="1" type="stmt"/>
        <line num="57" count="20" type="stmt"/>
        <line num="58" count="2" type="stmt"/>
        <line num="61" count="8" type="cond" truecount="2" falsecount="0"/>
        <line num="66" count="20" type="stmt"/>
        <line num="82" count="6" type="stmt"/>
        <line num="98" count="46" type="stmt"/>
      </file>
      <file name="QuizList.tsx" path="/Users/matthewwhalen/quizzer_start/src/quizzer/QuizList.tsx">
        <metrics statements="10" coveredstatements="10" conditionals="4" coveredconditionals="4" methods="5" coveredmethods="5"/>
        <line num="8" count="2" type="stmt"/>
        <line num="19" count="36" type="stmt"/>
        <line num="21" count="36" type="stmt"/>
        <line num="22" count="10" type="stmt"/>
        <line num="25" count="36" type="stmt"/>
        <line num="26" count="1" type="stmt"/>
        <line num="29" count="36" type="stmt"/>
        <line num="34" count="90" type="stmt"/>
        <line num="46" count="180" type="cond" truecount="2" falsecount="0"/>
        <line num="47" count="18" type="stmt"/>
      </file>
      <file name="QuizQuestion.tsx" path="/Users/matthewwhalen/quizzer_start/src/quizzer/QuizQuestion.tsx">
        <metrics statements="10" coveredstatements="10" conditionals="14" coveredconditionals="12" methods="4" coveredmethods="4"/>
        <line num="8" count="2" type="stmt"/>
        <line num="23" count="46" type="stmt"/>
        <line num="24" count="2" type="cond" truecount="1" falsecount="1"/>
        <line num="25" count="2" type="stmt"/>
        <line num="29" count="46" type="stmt"/>
        <line num="30" count="2" type="stmt"/>
        <line num="31" count="2" type="cond" truecount="1" falsecount="1"/>
        <line num="32" count="2" type="stmt"/>
        <line num="36" count="46" type="stmt"/>
        <line num="62" count="69" type="stmt"/>
      </file>
      <file name="QuizView.tsx" path="/Users/matthewwhalen/quizzer_start/src/quizzer/QuizView.tsx">
        <metrics statements="5" coveredstatements="5" conditionals="4" coveredconditionals="4" methods="2" coveredmethods="2"/>
        <line num="8" count="2" type="stmt"/>
        <line num="19" count="24" type="stmt"/>
        <line num="21" count="24" type="stmt"/>
        <line num="22" count="11" type="stmt"/>
        <line num="25" count="24" type="stmt"/>
      </file>
      <file name="Quizzer.tsx" path="/Users/matthewwhalen/quizzer_start/src/quizzer/Quizzer.tsx">
        <metrics statements="13" coveredstatements="13" conditionals="2" coveredconditionals="2" methods="10" coveredmethods="10"/>
        <line num="11" count="2" type="stmt"/>
        <line num="12" count="10" type="stmt"/>
        <line num="15" count="40" type="stmt"/>
        <line num="24" count="2" type="stmt"/>
        <line num="25" count="27" type="stmt"/>
        <line num="26" count="26" type="stmt"/>
        <line num="29" count="8" type="stmt"/>
        <line num="30" count="40" type="cond" truecount="2" falsecount="0"/>
        <line num="35" count="1" type="stmt"/>
        <line num="39" count="5" type="stmt"/>
        <line num="42" count="26" type="stmt"/>
        <line num="43" count="26" type="stmt"/>
        <line num="45" count="26" type="stmt"/>
      </file>
    </package>
  </project>
</coverage>
