{"/Users/matthewwhalen/quizzer_start/src/App.tsx": {"path":"/Users/matthewwhalen/quizzer_start/src/App.tsx","statementMap":{"0":{"start":{"line":8,"column":34},"end":{"line":8,"column":57}},"1":{"start":{"line":10,"column":4},"end":{"line":26,"column":6}},"2":{"start":{"line":16,"column":24},"end":{"line":16,"column":45}}},"fnMap":{"0":{"name":"App","decl":{"start":{"line":7,"column":9},"end":{"line":7,"column":12}},"loc":{"start":{"line":7,"column":28},"end":{"line":27,"column":1}},"line":7},"1":{"name":"(anonymous_1)","decl":{"start":{"line":15,"column":29},"end":{"line":15,"column":30}},"loc":{"start":{"line":15,"column":35},"end":{"line":17,"column":21}},"line":15}},"branchMap":{"0":{"loc":{"start":{"line":19,"column":21},"end":{"line":19,"column":50}},"type":"cond-expr","locations":[{"start":{"line":19,"column":31},"end":{"line":19,"column":40}},{"start":{"line":19,"column":43},"end":{"line":19,"column":50}}],"line":19},"1":{"loc":{"start":{"line":22,"column":35},"end":{"line":22,"column":61}},"type":"cond-expr","locations":[{"start":{"line":22,"column":45},"end":{"line":22,"column":52}},{"start":{"line":22,"column":55},"end":{"line":22,"column":61}}],"line":22}},"s":{"0":1,"1":1,"2":0},"f":{"0":1,"1":0},"b":{"0":[1,0],"1":[1,0]},"_coverageSchema":"1a1c01bbd47fc00a2c39e90264f33305004495a9","hash":"4e8e8394fb3fd2fa7db21d3ad90118765a70add5"}
,"/Users/matthewwhalen/quizzer_start/src/interfaces/question.ts": {"path":"/Users/matthewwhalen/quizzer_start/src/interfaces/question.ts","statementMap":{},"fnMap":{},"branchMap":{},"s":{},"f":{},"b":{}}
,"/Users/matthewwhalen/quizzer_start/src/interfaces/quiz.ts": {"path":"/Users/matthewwhalen/quizzer_start/src/interfaces/quiz.ts","statementMap":{},"fnMap":{},"branchMap":{},"s":{},"f":{},"b":{}}
,"/Users/matthewwhalen/quizzer_start/src/quizzer/AddQuizModal.tsx": {"path":"/Users/matthewwhalen/quizzer_start/src/quizzer/AddQuizModal.tsx","statementMap":{"0":{"start":{"line":4,"column":28},"end":{"line":67,"column":1}},"1":{"start":{"line":13,"column":30},"end":{"line":13,"column":62}},"2":{"start":{"line":14,"column":28},"end":{"line":14,"column":67}},"3":{"start":{"line":16,"column":24},"end":{"line":21,"column":5}},"4":{"start":{"line":17,"column":8},"end":{"line":17,"column":29}},"5":{"start":{"line":18,"column":8},"end":{"line":18,"column":33}},"6":{"start":{"line":19,"column":8},"end":{"line":19,"column":39}},"7":{"start":{"line":20,"column":8},"end":{"line":20,"column":22}},"8":{"start":{"line":23,"column":4},"end":{"line":66,"column":6}},"9":{"start":{"line":36,"column":33},"end":{"line":36,"column":57}},"10":{"start":{"line":45,"column":33},"end":{"line":45,"column":56}},"11":{"start":{"line":53,"column":28},"end":{"line":53,"column":53}},"12":{"start":{"line":54,"column":28},"end":{"line":54,"column":59}},"13":{"start":{"line":55,"column":28},"end":{"line":55,"column":42}}},"fnMap":{"0":{"name":"(anonymous_0)","decl":{"start":{"line":4,"column":28},"end":{"line":4,"column":29}},"loc":{"start":{"line":12,"column":6},"end":{"line":67,"column":1}},"line":12},"1":{"name":"(anonymous_1)","decl":{"start":{"line":16,"column":24},"end":{"line":16,"column":25}},"loc":{"start":{"line":16,"column":30},"end":{"line":21,"column":5}},"line":16},"2":{"name":"(anonymous_2)","decl":{"start":{"line":34,"column":38},"end":{"line":34,"column":39}},"loc":{"start":{"line":36,"column":33},"end":{"line":36,"column":57}},"line":36},"3":{"name":"(anonymous_3)","decl":{"start":{"line":43,"column":38},"end":{"line":43,"column":39}},"loc":{"start":{"line":45,"column":33},"end":{"line":45,"column":56}},"line":45},"4":{"name":"(anonymous_4)","decl":{"start":{"line":52,"column":33},"end":{"line":52,"column":34}},"loc":{"start":{"line":52,"column":39},"end":{"line":56,"column":25}},"line":52}},"branchMap":{},"s":{"0":2,"1":26,"2":26,"3":26,"4":1,"5":1,"6":1,"7":1,"8":26,"9":0,"10":0,"11":0,"12":0,"13":0},"f":{"0":26,"1":1,"2":0,"3":0,"4":0},"b":{},"_coverageSchema":"1a1c01bbd47fc00a2c39e90264f33305004495a9","hash":"5b715dbf73ae21ed020356722f52eeb00b70c928"}
,"/Users/matthewwhalen/quizzer_start/src/quizzer/QuestionEdit.tsx": {"path":"/Users/matthewwhalen/quizzer_start/src/quizzer/QuestionEdit.tsx","statementMap":{"0":{"start":{"line":6,"column":28},"end":{"line":266,"column":1}},"1":{"start":{"line":21,"column":19},"end":{"line":23,"column":5}},"2":{"start":{"line":22,"column":50},"end":{"line":22,"column":73}},"3":{"start":{"line":25,"column":29},"end":{"line":35,"column":5}},"4":{"start":{"line":26,"column":8},"end":{"line":26,"column":13}},"5":{"start":{"line":28,"column":12},"end":{"line":28,"column":71}},"6":{"start":{"line":29,"column":8},"end":{"line":34,"column":11}},"7":{"start":{"line":37,"column":24},"end":{"line":45,"column":5}},"8":{"start":{"line":38,"column":8},"end":{"line":38,"column":13}},"9":{"start":{"line":39,"column":8},"end":{"line":44,"column":11}},"10":{"start":{"line":47,"column":25},"end":{"line":50,"column":5}},"11":{"start":{"line":48,"column":5},"end":{"line":48,"column":47}},"12":{"start":{"line":49,"column":8},"end":{"line":49,"column":44}},"13":{"start":{"line":52,"column":31},"end":{"line":63,"column":5}},"14":{"start":{"line":56,"column":27},"end":{"line":56,"column":48}},"15":{"start":{"line":57,"column":8},"end":{"line":57,"column":48}},"16":{"start":{"line":58,"column":8},"end":{"line":62,"column":11}},"17":{"start":{"line":65,"column":30},"end":{"line":72,"column":5}},"18":{"start":{"line":66,"column":20},"end":{"line":66,"column":44}},"19":{"start":{"line":67,"column":8},"end":{"line":67,"column":15}},"20":{"start":{"line":68,"column":8},"end":{"line":71,"column":11}},"21":{"start":{"line":74,"column":4},"end":{"line":265,"column":6}},"22":{"start":{"line":91,"column":36},"end":{"line":94,"column":39}},"23":{"start":{"line":124,"column":40},"end":{"line":127,"column":43}},"24":{"start":{"line":171,"column":44},"end":{"line":174,"column":47}},"25":{"start":{"line":184,"column":44},"end":{"line":211,"column":50}},"26":{"start":{"line":205,"column":56},"end":{"line":208,"column":58}},"27":{"start":{"line":223,"column":32},"end":{"line":223,"column":63}},"28":{"start":{"line":232,"column":32},"end":{"line":232,"column":63}},"29":{"start":{"line":248,"column":28},"end":{"line":251,"column":31}},"30":{"start":{"line":257,"column":28},"end":{"line":257,"column":56}}},"fnMap":{"0":{"name":"(anonymous_0)","decl":{"start":{"line":6,"column":28},"end":{"line":6,"column":29}},"loc":{"start":{"line":20,"column":6},"end":{"line":266,"column":1}},"line":20},"1":{"name":"(anonymous_1)","decl":{"start":{"line":22,"column":35},"end":{"line":22,"column":36}},"loc":{"start":{"line":22,"column":50},"end":{"line":22,"column":73}},"line":22},"2":{"name":"(anonymous_2)","decl":{"start":{"line":25,"column":29},"end":{"line":25,"column":30}},"loc":{"start":{"line":25,"column":73},"end":{"line":35,"column":5}},"line":25},"3":{"name":"(anonymous_3)","decl":{"start":{"line":37,"column":24},"end":{"line":37,"column":25}},"loc":{"start":{"line":37,"column":30},"end":{"line":45,"column":5}},"line":37},"4":{"name":"(anonymous_4)","decl":{"start":{"line":47,"column":25},"end":{"line":47,"column":26}},"loc":{"start":{"line":47,"column":69},"end":{"line":50,"column":5}},"line":47},"5":{"name":"(anonymous_5)","decl":{"start":{"line":52,"column":31},"end":{"line":52,"column":32}},"loc":{"start":{"line":55,"column":9},"end":{"line":63,"column":5}},"line":55},"6":{"name":"(anonymous_6)","decl":{"start":{"line":65,"column":30},"end":{"line":65,"column":31}},"loc":{"start":{"line":65,"column":74},"end":{"line":72,"column":5}},"line":65},"7":{"name":"(anonymous_7)","decl":{"start":{"line":88,"column":42},"end":{"line":88,"column":43}},"loc":{"start":{"line":90,"column":37},"end":{"line":95,"column":33}},"line":90},"8":{"name":"(anonymous_8)","decl":{"start":{"line":121,"column":46},"end":{"line":121,"column":47}},"loc":{"start":{"line":123,"column":41},"end":{"line":128,"column":37}},"line":123},"9":{"name":"(anonymous_9)","decl":{"start":{"line":168,"column":50},"end":{"line":168,"column":51}},"loc":{"start":{"line":170,"column":45},"end":{"line":175,"column":41}},"line":170},"10":{"name":"(anonymous_10)","decl":{"start":{"line":183,"column":40},"end":{"line":183,"column":41}},"loc":{"start":{"line":184,"column":44},"end":{"line":211,"column":50}},"line":184},"11":{"name":"(anonymous_11)","decl":{"start":{"line":202,"column":62},"end":{"line":202,"column":63}},"loc":{"start":{"line":204,"column":57},"end":{"line":209,"column":53}},"line":204},"12":{"name":"(anonymous_12)","decl":{"start":{"line":222,"column":37},"end":{"line":222,"column":38}},"loc":{"start":{"line":222,"column":43},"end":{"line":224,"column":29}},"line":222},"13":{"name":"(anonymous_13)","decl":{"start":{"line":231,"column":37},"end":{"line":231,"column":38}},"loc":{"start":{"line":231,"column":43},"end":{"line":233,"column":29}},"line":231},"14":{"name":"(anonymous_14)","decl":{"start":{"line":247,"column":34},"end":{"line":247,"column":35}},"loc":{"start":{"line":247,"column":78},"end":{"line":252,"column":25}},"line":247},"15":{"name":"(anonymous_15)","decl":{"start":{"line":256,"column":33},"end":{"line":256,"column":34}},"loc":{"start":{"line":256,"column":39},"end":{"line":258,"column":25}},"line":256}},"branchMap":{"0":{"loc":{"start":{"line":28,"column":12},"end":{"line":28,"column":71}},"type":"cond-expr","locations":[{"start":{"line":28,"column":43},"end":{"line":28,"column":44}},{"start":{"line":28,"column":47},"end":{"line":28,"column":71}}],"line":28},"1":{"loc":{"start":{"line":61,"column":22},"end":{"line":61,"column":66}},"type":"cond-expr","locations":[{"start":{"line":61,"column":32},"end":{"line":61,"column":46}},{"start":{"line":61,"column":49},"end":{"line":61,"column":66}}],"line":61},"2":{"loc":{"start":{"line":110,"column":31},"end":{"line":110,"column":63}},"type":"cond-expr","locations":[{"start":{"line":110,"column":55},"end":{"line":110,"column":58}},{"start":{"line":110,"column":61},"end":{"line":110,"column":63}}],"line":110},"3":{"loc":{"start":{"line":126,"column":50},"end":{"line":126,"column":150}},"type":"cond-expr","locations":[{"start":{"line":126,"column":98},"end":{"line":126,"column":124}},{"start":{"line":126,"column":127},"end":{"line":126,"column":150}}],"line":126},"4":{"loc":{"start":{"line":148,"column":29},"end":{"line":160,"column":29}},"type":"binary-expr","locations":[{"start":{"line":148,"column":29},"end":{"line":148,"column":73}},{"start":{"line":149,"column":32},"end":{"line":159,"column":35}}],"line":148},"5":{"loc":{"start":{"line":163,"column":29},"end":{"line":178,"column":29}},"type":"binary-expr","locations":[{"start":{"line":163,"column":29},"end":{"line":163,"column":70}},{"start":{"line":164,"column":32},"end":{"line":177,"column":45}}],"line":163},"6":{"loc":{"start":{"line":179,"column":29},"end":{"line":215,"column":29}},"type":"binary-expr","locations":[{"start":{"line":179,"column":29},"end":{"line":179,"column":73}},{"start":{"line":180,"column":32},"end":{"line":214,"column":45}}],"line":179}},"s":{"0":2,"1":54,"2":52,"3":54,"4":0,"5":0,"6":0,"7":54,"8":0,"9":0,"10":54,"11":0,"12":0,"13":54,"14":0,"15":0,"16":0,"17":54,"18":0,"19":0,"20":0,"21":54,"22":0,"23":1,"24":0,"25":78,"26":0,"27":2,"28":0,"29":1,"30":0},"f":{"0":54,"1":52,"2":0,"3":0,"4":0,"5":0,"6":0,"7":0,"8":1,"9":0,"10":78,"11":0,"12":2,"13":0,"14":1,"15":0},"b":{"0":[0,0],"1":[0,0],"2":[13,41],"3":[1,0],"4":[54,27],"5":[54,27],"6":[54,27]},"_coverageSchema":"1a1c01bbd47fc00a2c39e90264f33305004495a9","hash":"998ccdce2c26437a824836e9b16814856eb9511e"}
,"/Users/matthewwhalen/quizzer_start/src/quizzer/QuizCard.tsx": {"path":"/Users/matthewwhalen/quizzer_start/src/quizzer/QuizCard.tsx","statementMap":{"0":{"start":{"line":7,"column":24},"end":{"line":38,"column":1}},"1":{"start":{"line":14,"column":30},"end":{"line":17,"column":5}},"2":{"start":{"line":16,"column":12},"end":{"line":16,"column":62}},"3":{"start":{"line":19,"column":4},"end":{"line":37,"column":6}},"4":{"start":{"line":25,"column":24},"end":{"line":25,"column":45}}},"fnMap":{"0":{"name":"(anonymous_0)","decl":{"start":{"line":7,"column":24},"end":{"line":7,"column":25}},"loc":{"start":{"line":13,"column":6},"end":{"line":38,"column":1}},"line":13},"1":{"name":"(anonymous_1)","decl":{"start":{"line":15,"column":8},"end":{"line":15,"column":9}},"loc":{"start":{"line":16,"column":12},"end":{"line":16,"column":62}},"line":16},"2":{"name":"(anonymous_2)","decl":{"start":{"line":24,"column":29},"end":{"line":24,"column":30}},"loc":{"start":{"line":24,"column":35},"end":{"line":26,"column":21}},"line":24}},"branchMap":{"0":{"loc":{"start":{"line":16,"column":12},"end":{"line":16,"column":62}},"type":"binary-expr","locations":[{"start":{"line":16,"column":13},"end":{"line":16,"column":27}},{"start":{"line":16,"column":31},"end":{"line":16,"column":42}},{"start":{"line":16,"column":47},"end":{"line":16,"column":62}}],"line":16},"1":{"loc":{"start":{"line":32,"column":21},"end":{"line":32,"column":62}},"type":"cond-expr","locations":[{"start":{"line":32,"column":54},"end":{"line":32,"column":57}},{"start":{"line":32,"column":60},"end":{"line":32,"column":62}}],"line":32}},"s":{"0":2,"1":90,"2":356,"3":90,"4":10},"f":{"0":90,"1":356,"2":10},"b":{"0":[356,302,160],"1":[90,0]},"_coverageSchema":"1a1c01bbd47fc00a2c39e90264f33305004495a9","hash":"0465c8d14f9f61a37b1a8c20d8522a480f0b6d3e"}
,"/Users/matthewwhalen/quizzer_start/src/quizzer/QuizEdit.tsx": {"path":"/Users/matthewwhalen/quizzer_start/src/quizzer/QuizEdit.tsx","statementMap":{"0":{"start":{"line":9,"column":24},"end":{"line":172,"column":1}},"1":{"start":{"line":22,"column":34},"end":{"line":22,"column":61}},"2":{"start":{"line":24,"column":25},"end":{"line":30,"column":5}},"3":{"start":{"line":25,"column":8},"end":{"line":29,"column":11}},"4":{"start":{"line":27,"column":85},"end":{"line":27,"column":136}},"5":{"start":{"line":32,"column":27},"end":{"line":38,"column":5}},"6":{"start":{"line":33,"column":8},"end":{"line":37,"column":11}},"7":{"start":{"line":35,"column":87},"end":{"line":35,"column":113}},"8":{"start":{"line":40,"column":24},"end":{"line":42,"column":5}},"9":{"start":{"line":41,"column":8},"end":{"line":41,"column":42}},"10":{"start":{"line":44,"column":25},"end":{"line":55,"column":5}},"11":{"start":{"line":45,"column":8},"end":{"line":54,"column":11}},"12":{"start":{"line":49,"column":20},"end":{"line":49,"column":72}},"13":{"start":{"line":49,"column":38},"end":{"line":49,"column":72}},"14":{"start":{"line":50,"column":20},"end":{"line":51,"column":58}},"15":{"start":{"line":50,"column":38},"end":{"line":50,"column":72}},"16":{"start":{"line":51,"column":25},"end":{"line":51,"column":58}},"17":{"start":{"line":57,"column":4},"end":{"line":171,"column":6}},"18":{"start":{"line":86,"column":32},"end":{"line":89,"column":35}},"19":{"start":{"line":99,"column":28},"end":{"line":99,"column":76}},"20":{"start":{"line":107,"column":20},"end":{"line":115,"column":36}},"21":{"start":{"line":123,"column":24},"end":{"line":138,"column":27}},"22":{"start":{"line":149,"column":32},"end":{"line":149,"column":46}},"23":{"start":{"line":150,"column":32},"end":{"line":150,"column":45}},"24":{"start":{"line":162,"column":28},"end":{"line":162,"column":48}},"25":{"start":{"line":163,"column":28},"end":{"line":163,"column":40}}},"fnMap":{"0":{"name":"(anonymous_0)","decl":{"start":{"line":9,"column":24},"end":{"line":9,"column":25}},"loc":{"start":{"line":21,"column":6},"end":{"line":172,"column":1}},"line":21},"1":{"name":"(anonymous_1)","decl":{"start":{"line":24,"column":25},"end":{"line":24,"column":26}},"loc":{"start":{"line":24,"column":72},"end":{"line":30,"column":5}},"line":24},"2":{"name":"(anonymous_2)","decl":{"start":{"line":27,"column":51},"end":{"line":27,"column":52}},"loc":{"start":{"line":27,"column":85},"end":{"line":27,"column":136}},"line":27},"3":{"name":"(anonymous_3)","decl":{"start":{"line":32,"column":27},"end":{"line":32,"column":28}},"loc":{"start":{"line":32,"column":51},"end":{"line":38,"column":5}},"line":32},"4":{"name":"(anonymous_4)","decl":{"start":{"line":35,"column":54},"end":{"line":35,"column":55}},"loc":{"start":{"line":35,"column":87},"end":{"line":35,"column":113}},"line":35},"5":{"name":"(anonymous_5)","decl":{"start":{"line":40,"column":24},"end":{"line":40,"column":25}},"loc":{"start":{"line":40,"column":30},"end":{"line":42,"column":5}},"line":40},"6":{"name":"(anonymous_6)","decl":{"start":{"line":44,"column":25},"end":{"line":44,"column":26}},"loc":{"start":{"line":44,"column":57},"end":{"line":55,"column":5}},"line":44},"7":{"name":"(anonymous_7)","decl":{"start":{"line":48,"column":16},"end":{"line":48,"column":17}},"loc":{"start":{"line":48,"column":56},"end":{"line":52,"column":17}},"line":48},"8":{"name":"(anonymous_8)","decl":{"start":{"line":83,"column":38},"end":{"line":83,"column":39}},"loc":{"start":{"line":85,"column":33},"end":{"line":90,"column":29}},"line":85},"9":{"name":"(anonymous_9)","decl":{"start":{"line":98,"column":34},"end":{"line":98,"column":35}},"loc":{"start":{"line":99,"column":28},"end":{"line":99,"column":76}},"line":99},"10":{"name":"(anonymous_10)","decl":{"start":{"line":106,"column":42},"end":{"line":106,"column":43}},"loc":{"start":{"line":107,"column":20},"end":{"line":115,"column":36}},"line":107},"11":{"name":"(anonymous_11)","decl":{"start":{"line":122,"column":29},"end":{"line":122,"column":30}},"loc":{"start":{"line":122,"column":35},"end":{"line":139,"column":21}},"line":122},"12":{"name":"(anonymous_12)","decl":{"start":{"line":148,"column":37},"end":{"line":148,"column":38}},"loc":{"start":{"line":148,"column":43},"end":{"line":151,"column":29}},"line":148},"13":{"name":"(anonymous_13)","decl":{"start":{"line":161,"column":33},"end":{"line":161,"column":34}},"loc":{"start":{"line":161,"column":39},"end":{"line":164,"column":25}},"line":161}},"branchMap":{"0":{"loc":{"start":{"line":27,"column":85},"end":{"line":27,"column":136}},"type":"cond-expr","locations":[{"start":{"line":27,"column":114},"end":{"line":27,"column":125}},{"start":{"line":27,"column":128},"end":{"line":27,"column":136}}],"line":27},"1":{"loc":{"start":{"line":49,"column":20},"end":{"line":49,"column":72}},"type":"if","locations":[{"start":{"line":49,"column":20},"end":{"line":49,"column":72}},{"start":{},"end":{}}],"line":49},"2":{"loc":{"start":{"line":50,"column":20},"end":{"line":51,"column":58}},"type":"if","locations":[{"start":{"line":50,"column":20},"end":{"line":51,"column":58}},{"start":{"line":51,"column":25},"end":{"line":51,"column":58}}],"line":50}},"s":{"0":2,"1":13,"2":13,"3":2,"4":8,"5":13,"6":0,"7":0,"8":13,"9":5,"10":13,"11":2,"12":8,"13":2,"14":6,"15":2,"16":4,"17":13,"18":2,"19":0,"20":54,"21":1,"22":5,"23":5,"24":1,"25":1},"f":{"0":13,"1":2,"2":8,"3":0,"4":0,"5":5,"6":2,"7":8,"8":2,"9":0,"10":54,"11":1,"12":5,"13":1},"b":{"0":[2,6],"1":[2,6],"2":[2,4]},"_coverageSchema":"1a1c01bbd47fc00a2c39e90264f33305004495a9","hash":"5adb9351b0aee74f77b8ea1a15701eae1faaecad"}
,"/Users/matthewwhalen/quizzer_start/src/quizzer/QuizExpanded.tsx": {"path":"/Users/matthewwhalen/quizzer_start/src/quizzer/QuizExpanded.tsx","statementMap":{"0":{"start":{"line":9,"column":28},"end":{"line":119,"column":1}},"1":{"start":{"line":20,"column":30},"end":{"line":23,"column":5}},"2":{"start":{"line":22,"column":12},"end":{"line":22,"column":62}},"3":{"start":{"line":25,"column":20},"end":{"line":25,"column":39}},"4":{"start":{"line":26,"column":38},"end":{"line":28,"column":5}},"5":{"start":{"line":30,"column":33},"end":{"line":34,"column":5}},"6":{"start":{"line":31,"column":29},"end":{"line":31,"column":43}},"7":{"start":{"line":32,"column":8},"end":{"line":32,"column":44}},"8":{"start":{"line":33,"column":8},"end":{"line":33,"column":35}},"9":{"start":{"line":36,"column":24},"end":{"line":39,"column":5}},"10":{"start":{"line":37,"column":47},"end":{"line":37,"column":62}},"11":{"start":{"line":41,"column":22},"end":{"line":43,"column":5}},"12":{"start":{"line":42,"column":8},"end":{"line":42,"column":41}},"13":{"start":{"line":42,"column":26},"end":{"line":42,"column":39}},"14":{"start":{"line":45,"column":18},"end":{"line":55,"column":5}},"15":{"start":{"line":46,"column":8},"end":{"line":46,"column":58}},"16":{"start":{"line":47,"column":8},"end":{"line":52,"column":11}},"17":{"start":{"line":50,"column":44},"end":{"line":50,"column":68}},"18":{"start":{"line":54,"column":8},"end":{"line":54,"column":14}},"19":{"start":{"line":57,"column":28},"end":{"line":64,"column":5}},"20":{"start":{"line":58,"column":8},"end":{"line":63,"column":11}},"21":{"start":{"line":61,"column":12},"end":{"line":61,"column":81}},"22":{"start":{"line":66,"column":4},"end":{"line":118,"column":6}},"23":{"start":{"line":82,"column":28},"end":{"line":82,"column":41}},"24":{"start":{"line":98,"column":16},"end":{"line":106,"column":32}}},"fnMap":{"0":{"name":"(anonymous_0)","decl":{"start":{"line":9,"column":28},"end":{"line":9,"column":29}},"loc":{"start":{"line":19,"column":6},"end":{"line":119,"column":1}},"line":19},"1":{"name":"(anonymous_1)","decl":{"start":{"line":21,"column":8},"end":{"line":21,"column":9}},"loc":{"start":{"line":22,"column":12},"end":{"line":22,"column":62}},"line":22},"2":{"name":"(anonymous_2)","decl":{"start":{"line":30,"column":33},"end":{"line":30,"column":34}},"loc":{"start":{"line":30,"column":52},"end":{"line":34,"column":5}},"line":30},"3":{"name":"(anonymous_3)","decl":{"start":{"line":37,"column":8},"end":{"line":37,"column":9}},"loc":{"start":{"line":37,"column":47},"end":{"line":37,"column":62}},"line":37},"4":{"name":"(anonymous_4)","decl":{"start":{"line":41,"column":22},"end":{"line":41,"column":23}},"loc":{"start":{"line":41,"column":37},"end":{"line":43,"column":5}},"line":41},"5":{"name":"(anonymous_5)","decl":{"start":{"line":42,"column":11},"end":{"line":42,"column":12}},"loc":{"start":{"line":42,"column":26},"end":{"line":42,"column":39}},"line":42},"6":{"name":"(anonymous_6)","decl":{"start":{"line":45,"column":18},"end":{"line":45,"column":19}},"loc":{"start":{"line":45,"column":24},"end":{"line":55,"column":5}},"line":45},"7":{"name":"(anonymous_7)","decl":{"start":{"line":50,"column":16},"end":{"line":50,"column":17}},"loc":{"start":{"line":50,"column":44},"end":{"line":50,"column":68}},"line":50},"8":{"name":"(anonymous_8)","decl":{"start":{"line":57,"column":28},"end":{"line":57,"column":29}},"loc":{"start":{"line":57,"column":65},"end":{"line":64,"column":5}},"line":57},"9":{"name":"(anonymous_9)","decl":{"start":{"line":60,"column":48},"end":{"line":60,"column":49}},"loc":{"start":{"line":61,"column":12},"end":{"line":61,"column":81}},"line":61},"10":{"name":"(anonymous_10)","decl":{"start":{"line":80,"column":33},"end":{"line":80,"column":34}},"loc":{"start":{"line":80,"column":39},"end":{"line":83,"column":25}},"line":80},"11":{"name":"(anonymous_11)","decl":{"start":{"line":97,"column":35},"end":{"line":97,"column":36}},"loc":{"start":{"line":98,"column":16},"end":{"line":106,"column":32}},"line":98}},"branchMap":{"0":{"loc":{"start":{"line":22,"column":12},"end":{"line":22,"column":62}},"type":"binary-expr","locations":[{"start":{"line":22,"column":13},"end":{"line":22,"column":27}},{"start":{"line":22,"column":31},"end":{"line":22,"column":42}},{"start":{"line":22,"column":47},"end":{"line":22,"column":62}}],"line":22},"1":{"loc":{"start":{"line":61,"column":12},"end":{"line":61,"column":81}},"type":"cond-expr","locations":[{"start":{"line":61,"column":41},"end":{"line":61,"column":71}},{"start":{"line":61,"column":73},"end":{"line":61,"column":81}}],"line":61},"2":{"loc":{"start":{"line":73,"column":25},"end":{"line":73,"column":66}},"type":"cond-expr","locations":[{"start":{"line":73,"column":58},"end":{"line":73,"column":61}},{"start":{"line":73,"column":64},"end":{"line":73,"column":66}}],"line":73}},"s":{"0":2,"1":20,"2":81,"3":20,"4":20,"5":20,"6":2,"7":2,"8":2,"9":20,"10":46,"11":20,"12":2,"13":2,"14":20,"15":1,"16":1,"17":4,"18":1,"19":20,"20":2,"21":8,"22":20,"23":6,"24":46},"f":{"0":20,"1":81,"2":2,"3":46,"4":2,"5":2,"6":1,"7":4,"8":2,"9":8,"10":6,"11":46},"b":{"0":[81,72,44],"1":[2,6],"2":[20,0]},"_coverageSchema":"1a1c01bbd47fc00a2c39e90264f33305004495a9","hash":"bd90b1a5991017ef7cd4fb34a456235b7496dafb"}
,"/Users/matthewwhalen/quizzer_start/src/quizzer/QuizList.tsx": {"path":"/Users/matthewwhalen/quizzer_start/src/quizzer/QuizList.tsx","statementMap":{"0":{"start":{"line":8,"column":24},"end":{"line":60,"column":1}},"1":{"start":{"line":19,"column":38},"end":{"line":19,"column":67}},"2":{"start":{"line":21,"column":27},"end":{"line":23,"column":5}},"3":{"start":{"line":22,"column":8},"end":{"line":22,"column":25}},"4":{"start":{"line":25,"column":26},"end":{"line":27,"column":5}},"5":{"start":{"line":26,"column":8},"end":{"line":26,"column":27}},"6":{"start":{"line":29,"column":4},"end":{"line":59,"column":6}},"7":{"start":{"line":34,"column":24},"end":{"line":38,"column":36}},"8":{"start":{"line":46,"column":16},"end":{"line":56,"column":17}},"9":{"start":{"line":47,"column":20},"end":{"line":55,"column":22}}},"fnMap":{"0":{"name":"(anonymous_0)","decl":{"start":{"line":8,"column":24},"end":{"line":8,"column":25}},"loc":{"start":{"line":18,"column":6},"end":{"line":60,"column":1}},"line":18},"1":{"name":"(anonymous_1)","decl":{"start":{"line":21,"column":27},"end":{"line":21,"column":28}},"loc":{"start":{"line":21,"column":43},"end":{"line":23,"column":5}},"line":21},"2":{"name":"(anonymous_2)","decl":{"start":{"line":25,"column":26},"end":{"line":25,"column":27}},"loc":{"start":{"line":25,"column":32},"end":{"line":27,"column":5}},"line":25},"3":{"name":"(anonymous_3)","decl":{"start":{"line":33,"column":33},"end":{"line":33,"column":34}},"loc":{"start":{"line":34,"column":24},"end":{"line":38,"column":36}},"line":34},"4":{"name":"(anonymous_4)","decl":{"start":{"line":45,"column":25},"end":{"line":45,"column":26}},"loc":{"start":{"line":45,"column":41},"end":{"line":57,"column":13}},"line":45}},"branchMap":{"0":{"loc":{"start":{"line":31,"column":13},"end":{"line":44,"column":13}},"type":"binary-expr","locations":[{"start":{"line":31,"column":13},"end":{"line":31,"column":23}},{"start":{"line":32,"column":16},"end":{"line":43,"column":19}}],"line":31},"1":{"loc":{"start":{"line":46,"column":16},"end":{"line":56,"column":17}},"type":"if","locations":[{"start":{"line":46,"column":16},"end":{"line":56,"column":17}},{"start":{},"end":{}}],"line":46}},"s":{"0":2,"1":36,"2":36,"3":10,"4":36,"5":1,"6":36,"7":90,"8":180,"9":18},"f":{"0":36,"1":10,"2":1,"3":90,"4":180},"b":{"0":[36,18],"1":[18,162]},"_coverageSchema":"1a1c01bbd47fc00a2c39e90264f33305004495a9","hash":"52516b0621ee8f4a6b5a8f684e357bb82e32720c"}
,"/Users/matthewwhalen/quizzer_start/src/quizzer/QuizQuestion.tsx": {"path":"/Users/matthewwhalen/quizzer_start/src/quizzer/QuizQuestion.tsx","statementMap":{"0":{"start":{"line":8,"column":28},"end":{"line":93,"column":1}},"1":{"start":{"line":23,"column":24},"end":{"line":27,"column":5}},"2":{"start":{"line":24,"column":8},"end":{"line":26,"column":9}},"3":{"start":{"line":25,"column":12},"end":{"line":25,"column":57}},"4":{"start":{"line":29,"column":30},"end":{"line":34,"column":5}},"5":{"start":{"line":30,"column":8},"end":{"line":30,"column":28}},"6":{"start":{"line":31,"column":8},"end":{"line":33,"column":9}},"7":{"start":{"line":32,"column":12},"end":{"line":32,"column":39}},"8":{"start":{"line":36,"column":4},"end":{"line":92,"column":6}},"9":{"start":{"line":62,"column":36},"end":{"line":70,"column":38}}},"fnMap":{"0":{"name":"(anonymous_0)","decl":{"start":{"line":8,"column":28},"end":{"line":8,"column":29}},"loc":{"start":{"line":22,"column":6},"end":{"line":93,"column":1}},"line":22},"1":{"name":"(anonymous_1)","decl":{"start":{"line":23,"column":24},"end":{"line":23,"column":25}},"loc":{"start":{"line":23,"column":44},"end":{"line":27,"column":5}},"line":23},"2":{"name":"(anonymous_2)","decl":{"start":{"line":29,"column":30},"end":{"line":29,"column":31}},"loc":{"start":{"line":29,"column":36},"end":{"line":34,"column":5}},"line":29},"3":{"name":"(anonymous_3)","decl":{"start":{"line":61,"column":32},"end":{"line":61,"column":33}},"loc":{"start":{"line":62,"column":36},"end":{"line":70,"column":38}},"line":62}},"branchMap":{"0":{"loc":{"start":{"line":24,"column":8},"end":{"line":26,"column":9}},"type":"if","locations":[{"start":{"line":24,"column":8},"end":{"line":26,"column":9}},{"start":{},"end":{}}],"line":24},"1":{"loc":{"start":{"line":31,"column":8},"end":{"line":33,"column":9}},"type":"if","locations":[{"start":{"line":31,"column":8},"end":{"line":33,"column":9}},{"start":{},"end":{}}],"line":31},"2":{"loc":{"start":{"line":45,"column":45},"end":{"line":45,"column":77}},"type":"cond-expr","locations":[{"start":{"line":45,"column":69},"end":{"line":45,"column":72}},{"start":{"line":45,"column":75},"end":{"line":45,"column":77}}],"line":45},"3":{"loc":{"start":{"line":49,"column":21},"end":{"line":57,"column":21}},"type":"binary-expr","locations":[{"start":{"line":49,"column":21},"end":{"line":49,"column":62}},{"start":{"line":50,"column":24},"end":{"line":56,"column":37}}],"line":49},"4":{"loc":{"start":{"line":58,"column":21},"end":{"line":74,"column":21}},"type":"binary-expr","locations":[{"start":{"line":58,"column":21},"end":{"line":58,"column":65}},{"start":{"line":59,"column":24},"end":{"line":73,"column":30}}],"line":58},"5":{"loc":{"start":{"line":76,"column":39},"end":{"line":76,"column":64}},"type":"cond-expr","locations":[{"start":{"line":76,"column":51},"end":{"line":76,"column":53}},{"start":{"line":76,"column":56},"end":{"line":76,"column":64}}],"line":76},"6":{"loc":{"start":{"line":77,"column":29},"end":{"line":79,"column":37}},"type":"cond-expr","locations":[{"start":{"line":78,"column":34},"end":{"line":78,"column":38}},{"start":{"line":79,"column":34},"end":{"line":79,"column":37}}],"line":77}},"s":{"0":2,"1":46,"2":2,"3":2,"4":46,"5":2,"6":2,"7":2,"8":46,"9":69},"f":{"0":46,"1":2,"2":2,"3":69},"b":{"0":[2,0],"1":[2,0],"2":[3,43],"3":[46,22],"4":[46,24],"5":[2,44],"6":[4,42]},"_coverageSchema":"1a1c01bbd47fc00a2c39e90264f33305004495a9","hash":"f8cec8abad5217e0e94c9bb12fb5225113cb094e"}
,"/Users/matthewwhalen/quizzer_start/src/quizzer/QuizView.tsx": {"path":"/Users/matthewwhalen/quizzer_start/src/quizzer/QuizView.tsx","statementMap":{"0":{"start":{"line":8,"column":24},"end":{"line":46,"column":1}},"1":{"start":{"line":19,"column":28},"end":{"line":19,"column":43}},"2":{"start":{"line":21,"column":23},"end":{"line":23,"column":5}},"3":{"start":{"line":22,"column":8},"end":{"line":22,"column":23}},"4":{"start":{"line":25,"column":4},"end":{"line":45,"column":6}}},"fnMap":{"0":{"name":"(anonymous_0)","decl":{"start":{"line":8,"column":24},"end":{"line":8,"column":25}},"loc":{"start":{"line":18,"column":6},"end":{"line":46,"column":1}},"line":18},"1":{"name":"(anonymous_1)","decl":{"start":{"line":21,"column":23},"end":{"line":21,"column":24}},"loc":{"start":{"line":21,"column":29},"end":{"line":23,"column":5}},"line":21}},"branchMap":{"0":{"loc":{"start":{"line":27,"column":13},"end":{"line":35,"column":13}},"type":"binary-expr","locations":[{"start":{"line":27,"column":13},"end":{"line":27,"column":17}},{"start":{"line":28,"column":16},"end":{"line":34,"column":28}}],"line":27},"1":{"loc":{"start":{"line":36,"column":13},"end":{"line":43,"column":13}},"type":"binary-expr","locations":[{"start":{"line":36,"column":13},"end":{"line":36,"column":18}},{"start":{"line":37,"column":16},"end":{"line":42,"column":32}}],"line":36}},"s":{"0":2,"1":24,"2":24,"3":11,"4":24},"f":{"0":24,"1":11},"b":{"0":[24,6],"1":[24,18]},"_coverageSchema":"1a1c01bbd47fc00a2c39e90264f33305004495a9","hash":"dfd74acf06838fed98537c4125e2b2f004f38343"}
,"/Users/matthewwhalen/quizzer_start/src/quizzer/Quizzer.tsx": {"path":"/Users/matthewwhalen/quizzer_start/src/quizzer/Quizzer.tsx","statementMap":{"0":{"start":{"line":11,"column":16},"end":{"line":22,"column":1}},"1":{"start":{"line":12,"column":21},"end":{"line":21,"column":5}},"2":{"start":{"line":15,"column":30},"end":{"line":19,"column":13}},"3":{"start":{"line":24,"column":23},"end":{"line":109,"column":1}},"4":{"start":{"line":25,"column":34},"end":{"line":25,"column":59}},"5":{"start":{"line":26,"column":44},"end":{"line":26,"column":59}},"6":{"start":{"line":29,"column":8},"end":{"line":31,"column":10}},"7":{"start":{"line":30,"column":44},"end":{"line":30,"column":70}},"8":{"start":{"line":35,"column":8},"end":{"line":35,"column":135}},"9":{"start":{"line":39,"column":8},"end":{"line":39,"column":71}},"10":{"start":{"line":39,"column":56},"end":{"line":39,"column":68}},"11":{"start":{"line":42,"column":28},"end":{"line":42,"column":55}},"12":{"start":{"line":42,"column":34},"end":{"line":42,"column":55}},"13":{"start":{"line":43,"column":29},"end":{"line":43,"column":57}},"14":{"start":{"line":43,"column":35},"end":{"line":43,"column":57}},"15":{"start":{"line":45,"column":4},"end":{"line":108,"column":6}}},"fnMap":{"0":{"name":"(anonymous_0)","decl":{"start":{"line":12,"column":4},"end":{"line":12,"column":5}},"loc":{"start":{"line":12,"column":21},"end":{"line":21,"column":5}},"line":12},"1":{"name":"(anonymous_1)","decl":{"start":{"line":15,"column":12},"end":{"line":15,"column":13}},"loc":{"start":{"line":15,"column":30},"end":{"line":19,"column":13}},"line":15},"2":{"name":"(anonymous_2)","decl":{"start":{"line":24,"column":23},"end":{"line":24,"column":24}},"loc":{"start":{"line":24,"column":29},"end":{"line":109,"column":1}},"line":24},"3":{"name":"editQuiz","decl":{"start":{"line":28,"column":13},"end":{"line":28,"column":21}},"loc":{"start":{"line":28,"column":50},"end":{"line":32,"column":5}},"line":28},"4":{"name":"(anonymous_4)","decl":{"start":{"line":30,"column":24},"end":{"line":30,"column":25}},"loc":{"start":{"line":30,"column":44},"end":{"line":30,"column":70}},"line":30},"5":{"name":"addQuiz","decl":{"start":{"line":34,"column":13},"end":{"line":34,"column":20}},"loc":{"start":{"line":34,"column":50},"end":{"line":36,"column":5}},"line":34},"6":{"name":"deleteQuiz","decl":{"start":{"line":38,"column":13},"end":{"line":38,"column":23}},"loc":{"start":{"line":38,"column":37},"end":{"line":40,"column":5}},"line":38},"7":{"name":"(anonymous_7)","decl":{"start":{"line":39,"column":34},"end":{"line":39,"column":35}},"loc":{"start":{"line":39,"column":56},"end":{"line":39,"column":68}},"line":39},"8":{"name":"(anonymous_8)","decl":{"start":{"line":42,"column":28},"end":{"line":42,"column":29}},"loc":{"start":{"line":42,"column":34},"end":{"line":42,"column":55}},"line":42},"9":{"name":"(anonymous_9)","decl":{"start":{"line":43,"column":29},"end":{"line":43,"column":30}},"loc":{"start":{"line":43,"column":35},"end":{"line":43,"column":57}},"line":43}},"branchMap":{"0":{"loc":{"start":{"line":30,"column":44},"end":{"line":30,"column":70}},"type":"cond-expr","locations":[{"start":{"line":30,"column":59},"end":{"line":30,"column":66}},{"start":{"line":30,"column":69},"end":{"line":30,"column":70}}],"line":30}},"s":{"0":2,"1":10,"2":40,"3":2,"4":27,"5":26,"6":8,"7":40,"8":1,"9":1,"10":5,"11":26,"12":1,"13":26,"14":1,"15":26},"f":{"0":10,"1":40,"2":27,"3":8,"4":40,"5":1,"6":1,"7":5,"8":1,"9":1},"b":{"0":[8,32]},"_coverageSchema":"1a1c01bbd47fc00a2c39e90264f33305004495a9","hash":"d7979e4409c051511ae07509b488dffcf258f034"}
}
