TN:
SF:src/App.tsx
FN:7,App
FN:15,(anonymous_1)
FNF:2
FNH:1
FNDA:1,App
FNDA:0,(anonymous_1)
DA:8,1
DA:10,1
DA:16,0
LF:3
LH:2
BRDA:19,0,0,1
BRDA:19,0,1,0
BRDA:22,1,0,1
BRDA:22,1,1,0
BRF:4
BRH:2
end_of_record
TN:
SF:src/interfaces/question.ts
FNF:0
FNH:0
LF:0
LH:0
BRF:0
BRH:0
end_of_record
TN:
SF:src/interfaces/quiz.ts
FNF:0
FNH:0
LF:0
LH:0
BRF:0
BRH:0
end_of_record
TN:
SF:src/quizzer/AddQuizModal.tsx
FN:4,(anonymous_0)
FN:16,(anonymous_1)
FN:34,(anonymous_2)
FN:43,(anonymous_3)
FN:52,(anonymous_4)
FNF:5
FNH:2
FNDA:26,(anonymous_0)
FNDA:1,(anonymous_1)
FNDA:0,(anonymous_2)
FNDA:0,(anonymous_3)
FNDA:0,(anonymous_4)
DA:4,2
DA:13,26
DA:14,26
DA:16,26
DA:17,1
DA:18,1
DA:19,1
DA:20,1
DA:23,26
DA:36,0
DA:45,0
DA:53,0
DA:54,0
DA:55,0
LF:14
LH:9
BRF:0
BRH:0
end_of_record
TN:
SF:src/quizzer/QuestionEdit.tsx
FN:6,(anonymous_0)
FN:22,(anonymous_1)
FN:25,(anonymous_2)
FN:37,(anonymous_3)
FN:47,(anonymous_4)
FN:52,(anonymous_5)
FN:65,(anonymous_6)
FN:88,(anonymous_7)
FN:121,(anonymous_8)
FN:168,(anonymous_9)
FN:183,(anonymous_10)
FN:202,(anonymous_11)
FN:222,(anonymous_12)
FN:231,(anonymous_13)
FN:247,(anonymous_14)
FN:256,(anonymous_15)
FNF:16
FNH:6
FNDA:54,(anonymous_0)
FNDA:52,(anonymous_1)
FNDA:0,(anonymous_2)
FNDA:0,(anonymous_3)
FNDA:0,(anonymous_4)
FNDA:0,(anonymous_5)
FNDA:0,(anonymous_6)
FNDA:0,(anonymous_7)
FNDA:1,(anonymous_8)
FNDA:0,(anonymous_9)
FNDA:78,(anonymous_10)
FNDA:0,(anonymous_11)
FNDA:2,(anonymous_12)
FNDA:0,(anonymous_13)
FNDA:1,(anonymous_14)
FNDA:0,(anonymous_15)
DA:6,2
DA:21,54
DA:22,52
DA:25,54
DA:26,0
DA:28,0
DA:29,0
DA:37,54
DA:38,0
DA:39,0
DA:47,54
DA:48,0
DA:49,0
DA:52,54
DA:56,0
DA:57,0
DA:58,0
DA:65,54
DA:66,0
DA:67,0
DA:68,0
DA:74,54
DA:91,0
DA:124,1
DA:171,0
DA:184,78
DA:205,0
DA:223,2
DA:232,0
DA:248,1
DA:257,0
LF:31
LH:13
BRDA:28,0,0,0
BRDA:28,0,1,0
BRDA:61,1,0,0
BRDA:61,1,1,0
BRDA:110,2,0,13
BRDA:110,2,1,41
BRDA:126,3,0,1
BRDA:126,3,1,0
BRDA:148,4,0,54
BRDA:148,4,1,27
BRDA:163,5,0,54
BRDA:163,5,1,27
BRDA:179,6,0,54
BRDA:179,6,1,27
BRF:14
BRH:9
end_of_record
TN:
SF:src/quizzer/QuizCard.tsx
FN:7,(anonymous_0)
FN:15,(anonymous_1)
FN:24,(anonymous_2)
FNF:3
FNH:3
FNDA:90,(anonymous_0)
FNDA:356,(anonymous_1)
FNDA:10,(anonymous_2)
DA:7,2
DA:14,90
DA:16,356
DA:19,90
DA:25,10
LF:5
LH:5
BRDA:16,0,0,356
BRDA:16,0,1,302
BRDA:16,0,2,160
BRDA:32,1,0,90
BRDA:32,1,1,0
BRF:5
BRH:4
end_of_record
TN:
SF:src/quizzer/QuizEdit.tsx
FN:9,(anonymous_0)
FN:24,(anonymous_1)
FN:27,(anonymous_2)
FN:32,(anonymous_3)
FN:35,(anonymous_4)
FN:40,(anonymous_5)
FN:44,(anonymous_6)
FN:48,(anonymous_7)
FN:83,(anonymous_8)
FN:98,(anonymous_9)
FN:106,(anonymous_10)
FN:122,(anonymous_11)
FN:148,(anonymous_12)
FN:161,(anonymous_13)
FNF:14
FNH:11
FNDA:13,(anonymous_0)
FNDA:2,(anonymous_1)
FNDA:8,(anonymous_2)
FNDA:0,(anonymous_3)
FNDA:0,(anonymous_4)
FNDA:5,(anonymous_5)
FNDA:2,(anonymous_6)
FNDA:8,(anonymous_7)
FNDA:2,(anonymous_8)
FNDA:0,(anonymous_9)
FNDA:54,(anonymous_10)
FNDA:1,(anonymous_11)
FNDA:5,(anonymous_12)
FNDA:1,(anonymous_13)
DA:9,2
DA:22,13
DA:24,13
DA:25,2
DA:27,8
DA:32,13
DA:33,0
DA:35,0
DA:40,13
DA:41,5
DA:44,13
DA:45,2
DA:49,8
DA:50,6
DA:51,4
DA:57,13
DA:86,2
DA:99,0
DA:107,54
DA:123,1
DA:149,5
DA:150,5
DA:162,1
DA:163,1
LF:24
LH:21
BRDA:27,0,0,2
BRDA:27,0,1,6
BRDA:49,1,0,2
BRDA:49,1,1,6
BRDA:50,2,0,2
BRDA:50,2,1,4
BRF:6
BRH:6
end_of_record
TN:
SF:src/quizzer/QuizExpanded.tsx
FN:9,(anonymous_0)
FN:21,(anonymous_1)
FN:30,(anonymous_2)
FN:37,(anonymous_3)
FN:41,(anonymous_4)
FN:42,(anonymous_5)
FN:45,(anonymous_6)
FN:50,(anonymous_7)
FN:57,(anonymous_8)
FN:60,(anonymous_9)
FN:80,(anonymous_10)
FN:97,(anonymous_11)
FNF:12
FNH:12
FNDA:20,(anonymous_0)
FNDA:81,(anonymous_1)
FNDA:2,(anonymous_2)
FNDA:46,(anonymous_3)
FNDA:2,(anonymous_4)
FNDA:2,(anonymous_5)
FNDA:1,(anonymous_6)
FNDA:4,(anonymous_7)
FNDA:2,(anonymous_8)
FNDA:8,(anonymous_9)
FNDA:6,(anonymous_10)
FNDA:46,(anonymous_11)
DA:9,2
DA:20,20
DA:22,81
DA:25,20
DA:26,20
DA:30,20
DA:31,2
DA:32,2
DA:33,2
DA:36,20
DA:37,46
DA:41,20
DA:42,2
DA:45,20
DA:46,1
DA:47,1
DA:50,4
DA:54,1
DA:57,20
DA:58,2
DA:61,8
DA:66,20
DA:82,6
DA:98,46
LF:24
LH:24
BRDA:22,0,0,81
BRDA:22,0,1,72
BRDA:22,0,2,44
BRDA:61,1,0,2
BRDA:61,1,1,6
BRDA:73,2,0,20
BRDA:73,2,1,0
BRF:7
BRH:6
end_of_record
TN:
SF:src/quizzer/QuizList.tsx
FN:8,(anonymous_0)
FN:21,(anonymous_1)
FN:25,(anonymous_2)
FN:33,(anonymous_3)
FN:45,(anonymous_4)
FNF:5
FNH:5
FNDA:36,(anonymous_0)
FNDA:10,(anonymous_1)
FNDA:1,(anonymous_2)
FNDA:90,(anonymous_3)
FNDA:180,(anonymous_4)
DA:8,2
DA:19,36
DA:21,36
DA:22,10
DA:25,36
DA:26,1
DA:29,36
DA:34,90
DA:46,180
DA:47,18
LF:10
LH:10
BRDA:31,0,0,36
BRDA:31,0,1,18
BRDA:46,1,0,18
BRDA:46,1,1,162
BRF:4
BRH:4
end_of_record
TN:
SF:src/quizzer/QuizQuestion.tsx
FN:8,(anonymous_0)
FN:23,(anonymous_1)
FN:29,(anonymous_2)
FN:61,(anonymous_3)
FNF:4
FNH:4
FNDA:46,(anonymous_0)
FNDA:2,(anonymous_1)
FNDA:2,(anonymous_2)
FNDA:69,(anonymous_3)
DA:8,2
DA:23,46
DA:24,2
DA:25,2
DA:29,46
DA:30,2
DA:31,2
DA:32,2
DA:36,46
DA:62,69
LF:10
LH:10
BRDA:24,0,0,2
BRDA:24,0,1,0
BRDA:31,1,0,2
BRDA:31,1,1,0
BRDA:45,2,0,3
BRDA:45,2,1,43
BRDA:49,3,0,46
BRDA:49,3,1,22
BRDA:58,4,0,46
BRDA:58,4,1,24
BRDA:76,5,0,2
BRDA:76,5,1,44
BRDA:77,6,0,4
BRDA:77,6,1,42
BRF:14
BRH:12
end_of_record
TN:
SF:src/quizzer/QuizView.tsx
FN:8,(anonymous_0)
FN:21,(anonymous_1)
FNF:2
FNH:2
FNDA:24,(anonymous_0)
FNDA:11,(anonymous_1)
DA:8,2
DA:19,24
DA:21,24
DA:22,11
DA:25,24
LF:5
LH:5
BRDA:27,0,0,24
BRDA:27,0,1,6
BRDA:36,1,0,24
BRDA:36,1,1,18
BRF:4
BRH:4
end_of_record
TN:
SF:src/quizzer/Quizzer.tsx
FN:12,(anonymous_0)
FN:15,(anonymous_1)
FN:24,(anonymous_2)
FN:28,editQuiz
FN:30,(anonymous_4)
FN:34,addQuiz
FN:38,deleteQuiz
FN:39,(anonymous_7)
FN:42,(anonymous_8)
FN:43,(anonymous_9)
FNF:10
FNH:10
FNDA:10,(anonymous_0)
FNDA:40,(anonymous_1)
FNDA:27,(anonymous_2)
FNDA:8,editQuiz
FNDA:40,(anonymous_4)
FNDA:1,addQuiz
FNDA:1,deleteQuiz
FNDA:5,(anonymous_7)
FNDA:1,(anonymous_8)
FNDA:1,(anonymous_9)
DA:11,2
DA:12,10
DA:15,40
DA:24,2
DA:25,27
DA:26,26
DA:29,8
DA:30,40
DA:35,1
DA:39,5
DA:42,26
DA:43,26
DA:45,26
LF:13
LH:13
BRDA:30,0,0,8
BRDA:30,0,1,32
BRF:2
BRH:2
end_of_record
